<?xml version="1.0" encoding="UTF-8"?>
<testsuite xmlns:xsi="http://www.w3.org/2001/XMLSchema-instance" xsi:noNamespaceSchemaLocation="https://maven.apache.org/surefire/maven-surefire-plugin/xsd/surefire-test-report-3.0.xsd" version="3.0" name="RationalTest" time="0.051" tests="7" errors="0" skipped="0" failures="0">
  <properties>
[...]
</properties>
  <testcase name="testAdd" classname="RationalTest" time="0.008">
    <system-out><![CDATA[Initializing the two Rational numbers.
Clear up the two Rational numbers.
]]></system-out>
  </testcase>
  <testcase name="compareTo" classname="RationalTest" time="0.001">
    <system-out><![CDATA[Initializing the two Rational numbers.
Clear up the two Rational numbers.
]]></system-out>
  </testcase>
  <testcase name="testSubtract" classname="RationalTest" time="0.001">
    <system-out><![CDATA[Initializing the two Rational numbers.
Clear up the two Rational numbers.
]]></system-out>
  </testcase>
  <testcase name="equals" classname="RationalTest" time="0.001">
    <system-out><![CDATA[Initializing the two Rational numbers.
Clear up the two Rational numbers.
]]></system-out>
  </testcase>
  <testcase name="toStringTest" classname="RationalTest" time="0.001">
    <system-out><![CDATA[Initializing the two Rational numbers.
1/2
1/2
Clear up the two Rational numbers.
]]></system-out>
  </testcase>
  <testcase name="testDivide" classname="RationalTest" time="0.001">
    <system-out><![CDATA[Initializing the two Rational numbers.
Clear up the two Rational numbers.
]]></system-out>
  </testcase>
  <testcase name="testMultiply" classname="RationalTest" time="0.002">
    <system-out><![CDATA[Initializing the two Rational numbers.
Clear up the two Rational numbers.
]]></system-out>
  </testcase>
</testsuite>